[    0.000000] Initializing cgroup subsys cpuset
[    0.000000] Initializing cgroup subsys cpu
[    0.000000] Initializing cgroup subsys cpuacct
[    0.000000] Linux version 4.4.0-203-generic (buildd@lcy01-amd64-027) (gcc version 5.4.0 20160609 (Ubuntu 5.4.0-6ubuntu1~16.04.12) ) #235-Ubuntu SMP Tue Feb 2 02:49:08 UTC 2021 (Ubuntu 4.4.0-203.235-generic 4.4.249)
[    0.000000] Command line: BOOT_IMAGE=/boot/vmlinuz-4.4.0-203-generic root=LABEL=cloudimg-rootfs ro console=tty1 console=ttyS0
[    0.000000] KERNEL supported cpus:
[    0.000000]   Intel GenuineIntel
[    0.000000]   AMD AuthenticAMD
[    0.000000]   Centaur CentaurHauls
[    0.000000] x86/fpu: xstate_offset[2]:  576, xstate_sizes[2]:  256
[    0.000000] x86/fpu: Supporting XSAVE feature 0x01: 'x87 floating point registers'
[    0.000000] x86/fpu: Supporting XSAVE feature 0x02: 'SSE registers'
[    0.000000] x86/fpu: Supporting XSAVE feature 0x04: 'AVX registers'
[    0.000000] x86/fpu: Enabled xstate features 0x7, context size is 832 bytes, using 'standard' format.
[    0.000000] e820: BIOS-provided physical RAM map:
[    0.000000] BIOS-e820: [mem 0x0000000000000000-0x000000000009fbff] usable
[    0.000000] BIOS-e820: [mem 0x000000000009fc00-0x000000000009ffff] reserved
[    0.000000] BIOS-e820: [mem 0x00000000000f0000-0x00000000000fffff] reserved
[    0.000000] BIOS-e820: [mem 0x0000000000100000-0x000000007ffeffff] usable
[    0.000000] BIOS-e820: [mem 0x000000007fff0000-0x000000007fffffff] ACPI data
[    0.000000] BIOS-e820: [mem 0x00000000fec00000-0x00000000fec00fff] reserved
[    0.000000] BIOS-e820: [mem 0x00000000fee00000-0x00000000fee00fff] reserved
[    0.000000] BIOS-e820: [mem 0x00000000fffc0000-0x00000000ffffffff] reserved
[    0.000000] NX (Execute Disable) protection: active
[    0.000000] SMBIOS 2.5 present.
[    0.000000] Hypervisor detected: KVM
[    0.000000] e820: last_pfn = 0x7fff0 max_arch_pfn = 0x400000000
[    0.000000] MTRR: Disabled
[    0.000000] x86/PAT: MTRRs disabled, skipping PAT initialization too.
[    0.000000] CPU MTRRs all blank - virtualized system.
[    0.000000] x86/PAT: Configuration [0-7]: WB  WT  UC- UC  WB  WT  UC- UC  
[    0.000000] found SMP MP-table at [mem 0x0009fff0-0x0009ffff] mapped at [ffff88000009fff0]
[    0.000000] Scanning 1 areas for low memory corruption
[    0.000000] RAMDISK: [mem 0x362da000-0x37164fff]
[    0.000000] ACPI: Early table checksum verification disabled
[    0.000000] ACPI: RSDP 0x00000000000E0000 000024 (v02 VBOX  )
[    0.000000] ACPI: XSDT 0x000000007FFF0030 00003C (v01 VBOX   VBOXXSDT 00000001 ASL  00000061)
[    0.000000] ACPI: FACP 0x000000007FFF00F0 0000F4 (v04 VBOX   VBOXFACP 00000001 ASL  00000061)
[    0.000000] ACPI: DSDT 0x000000007FFF0470 002325 (v02 VBOX   VBOXBIOS 00000002 INTL 20120111)
[    0.000000] ACPI: FACS 0x000000007FFF0200 000040
[    0.000000] ACPI: FACS 0x000000007FFF0200 000040
[    0.000000] ACPI: APIC 0x000000007FFF0240 00005C (v02 VBOX   VBOXAPIC 00000001 ASL  00000061)
[    0.000000] ACPI: SSDT 0x000000007FFF02A0 0001CC (v01 VBOX   VBOXCPUT 00000002 INTL 20120111)
[    0.000000] No NUMA configuration found
[    0.000000] Faking a node at [mem 0x0000000000000000-0x000000007ffeffff]
[    0.000000] NODE_DATA(0) allocated [mem 0x7ffeb000-0x7ffeffff]
[    0.000000] kvm-clock: Using msrs 4b564d01 and 4b564d00
[    0.000000] kvm-clock: cpu 0, msr 0:7ffe3001, primary cpu clock
[    0.000000] kvm-clock: using sched offset of 3808627163 cycles
[    0.000000] clocksource: kvm-clock: mask: 0xffffffffffffffff max_cycles: 0x1cd42e4dffb, max_idle_ns: 881590591483 ns
[    0.000000] Zone ranges:
[    0.000000]   DMA      [mem 0x0000000000001000-0x0000000000ffffff]
[    0.000000]   DMA32    [mem 0x0000000001000000-0x000000007ffeffff]
[    0.000000]   Normal   empty
[    0.000000]   Device   empty
[    0.000000] Movable zone start for each node
[    0.000000] Early memory node ranges
[    0.000000]   node   0: [mem 0x0000000000001000-0x000000000009efff]
[    0.000000]   node   0: [mem 0x0000000000100000-0x000000007ffeffff]
[    0.000000] Initmem setup node 0 [mem 0x0000000000001000-0x000000007ffeffff]
[    0.000000] ACPI: PM-Timer IO Port: 0x4008
[    0.000000] IOAPIC[0]: apic_id 2, version 32, address 0xfec00000, GSI 0-23
[    0.000000] ACPI: INT_SRC_OVR (bus 0 bus_irq 0 global_irq 2 dfl dfl)
[    0.000000] ACPI: INT_SRC_OVR (bus 0 bus_irq 9 global_irq 9 low level)
[    0.000000] Using ACPI (MADT) for SMP configuration information
[    0.000000] smpboot: Allowing 2 CPUs, 0 hotplug CPUs
[    0.000000] PM: Registered nosave memory: [mem 0x00000000-0x00000fff]
[    0.000000] PM: Registered nosave memory: [mem 0x0009f000-0x0009ffff]
[    0.000000] PM: Registered nosave memory: [mem 0x000a0000-0x000effff]
[    0.000000] PM: Registered nosave memory: [mem 0x000f0000-0x000fffff]
[    0.000000] e820: [mem 0x80000000-0xfebfffff] available for PCI devices
[    0.000000] Booting paravirtualized kernel on KVM
[    0.000000] clocksource: refined-jiffies: mask: 0xffffffff max_cycles: 0xffffffff, max_idle_ns: 7645519600211568 ns
[    0.000000] setup_percpu: NR_CPUS:512 nr_cpumask_bits:512 nr_cpu_ids:2 nr_node_ids:1
[    0.000000] PERCPU: Embedded 33 pages/cpu @ffff88007fc00000 s95640 r8192 d31336 u1048576
[    0.000000] Built 1 zonelists in Node order, mobility grouping on.  Total pages: 515960
[    0.000000] Policy zone: DMA32
[    0.000000] Kernel command line: BOOT_IMAGE=/boot/vmlinuz-4.4.0-203-generic root=LABEL=cloudimg-rootfs ro console=tty1 console=ttyS0
[    0.000000] PID hash table entries: 4096 (order: 3, 32768 bytes)
[    0.000000] Memory: 2029840K/2096696K available (8641K kernel code, 1337K rwdata, 4044K rodata, 1496K init, 1296K bss, 66856K reserved, 0K cma-reserved)
[    0.000000] SLUB: HWalign=64, Order=0-3, MinObjects=0, CPUs=2, Nodes=1
[    0.000000] Kernel/User page tables isolation: enabled
[    0.000000] Hierarchical RCU implementation.
[    0.000000] 	Build-time adjustment of leaf fanout to 64.
[    0.000000] 	RCU restricting CPUs from NR_CPUS=512 to nr_cpu_ids=2.
[    0.000000] RCU: Adjusting geometry for rcu_fanout_leaf=64, nr_cpu_ids=2
[    0.000000] NR_IRQS:33024 nr_irqs:440 16
[    0.000000] Console: colour VGA+ 80x25
[    0.000000] console [tty1] enabled
[    0.000000] console [ttyS0] enabled
[    0.000000] tsc: Detected 2304.000 MHz processor
[    0.192798] Calibrating delay loop (skipped) preset value.. 4608.00 BogoMIPS (lpj=9216000)
[    0.194776] pid_max: default: 32768 minimum: 301
[    0.195881] ACPI: Core revision 20150930
[    0.197515] ACPI: 2 ACPI AML tables successfully acquired and loaded
[    0.199016] Security Framework initialized
[    0.200250] Yama: becoming mindful.
[    0.201111] AppArmor: AppArmor initialized
[    0.203285] Dentry cache hash table entries: 262144 (order: 9, 2097152 bytes)
[    0.205142] Inode-cache hash table entries: 131072 (order: 8, 1048576 bytes)
[    0.207963] Mount-cache hash table entries: 4096 (order: 3, 32768 bytes)
[    0.210044] Mountpoint-cache hash table entries: 4096 (order: 3, 32768 bytes)
[    0.211878] Initializing cgroup subsys io
[    0.213144] Initializing cgroup subsys memory
[    0.214166] Initializing cgroup subsys devices
[    0.215217] Initializing cgroup subsys freezer
[    0.216522] Initializing cgroup subsys net_cls
[    0.217562] Initializing cgroup subsys perf_event
[    0.218651] Initializing cgroup subsys net_prio
[    0.219783] Initializing cgroup subsys hugetlb
[    0.221147] Initializing cgroup subsys pids
[    0.237623] mce: CPU supports 0 MCE banks
[    0.241219] Last level iTLB entries: 4KB 64, 2MB 8, 4MB 8
[    0.243614] Last level dTLB entries: 4KB 64, 2MB 0, 4MB 0, 1GB 4
[    0.246387] Spectre V1 : Mitigation: usercopy/swapgs barriers and __user pointer sanitization
[    0.249785] Spectre V2 : Mitigation: Full generic retpoline
[    0.251536] Spectre V2 : Spectre v2 / SpectreRSB mitigation: Filling RSB on context switch
[    0.253505] Speculative Store Bypass: Vulnerable
[    0.254997] SRBDS: Unknown: Dependent on hypervisor status
[    0.262992] MDS: Mitigation: Clear CPU buffers
[    0.266885] Freeing SMP alternatives memory: 36K
[    0.274434] ftrace: allocating 32366 entries in 127 pages
[    0.328090] smpboot: APIC(0) Converting physical 0 to logical package 0
[    0.330400] smpboot: Max logical packages: 1
[    0.331635] x2apic enabled
[    0.332527] Switched APIC routing to physical x2apic.
[    0.334590] ..TIMER: vector=0x30 apic1=0 pin1=2 apic2=-1 pin2=-1
[    0.444054] smpboot: CPU0: Intel(R) Core(TM) i5-7360U CPU @ 2.30GHz (family: 0x6, model: 0x8e, stepping: 0x9)
[    0.446959] Performance Events: unsupported p6 CPU model 142 no PMU driver, software events only.
[    0.459379] KVM setup paravirtual spinlock
[    0.462537] x86: Booting SMP configuration:
[    0.463863] .... node  #0, CPUs:      #1
[    0.465111] kvm-clock: cpu 1, msr 0:7ffe3041, secondary cpu clock
[    0.479997] mce: CPU supports 0 MCE banks
[    0.483104] x86: Booted up 1 node, 2 CPUs
[    0.484580] smpboot: Total of 2 processors activated (9216.00 BogoMIPS)
[    0.486443] devtmpfs: initialized
[    0.489376] evm: security.selinux
[    0.490557] evm: security.SMACK64
[    0.491664] evm: security.SMACK64EXEC
[    0.493105] evm: security.SMACK64TRANSMUTE
[    0.494422] evm: security.SMACK64MMAP
[    0.495664] evm: security.ima
[    0.496691] evm: security.capability
[    0.498235] clocksource: jiffies: mask: 0xffffffff max_cycles: 0xffffffff, max_idle_ns: 7645041785100000 ns
[    0.501444] futex hash table entries: 512 (order: 3, 32768 bytes)
[    0.503523] pinctrl core: initialized pinctrl subsystem
[    0.505256] RTC time:  3:15:49, date: 03/19/21
[    0.507107] NET: Registered protocol family 16
[    0.520378] cpuidle: using governor ladder
[    0.532811] cpuidle: using governor menu
[    0.534078] PCCT header not found.
[    0.535646] ACPI: bus type PCI registered
[    0.536918] acpiphp: ACPI Hot Plug PCI Controller Driver version: 0.5
[    0.539060] PCI: Using configuration type 1 for base access
[    0.553130] ACPI: Added _OSI(Module Device)
[    0.554526] ACPI: Added _OSI(Processor Device)
[    0.555789] ACPI: Added _OSI(3.0 _SCP Extensions)
[    0.557690] ACPI: Added _OSI(Processor Aggregator Device)
[    0.560134] ACPI: Executed 1 blocks of module-level executable AML code
[    0.564607] ACPI: Interpreter enabled
[    0.566109] ACPI: (supports S0 S5)
[    0.568667] ACPI: Using IOAPIC for interrupt routing
[    0.571486] PCI: Using host bridge windows from ACPI; if necessary, use "pci=nocrs" and report a bug
[    0.578643] ACPI: PCI Root Bridge [PCI0] (domain 0000 [bus 00-ff])
[    0.580696] acpi PNP0A03:00: _OSC: OS supports [ASPM ClockPM Segments MSI]
[    0.583356] acpi PNP0A03:00: _OSC: not requesting OS control; OS requires [ExtendedConfig ASPM ClockPM MSI]
[    0.586659] acpi PNP0A03:00: fail to add MMCONFIG information, can't access extended PCI configuration space under this bridge.
[    0.590362] PCI host bridge to bus 0000:00
[    0.591389] pci_bus 0000:00: root bus resource [io  0x0000-0x0cf7 window]
[    0.593024] pci_bus 0000:00: root bus resource [io  0x0d00-0xffff window]
[    0.594517] pci_bus 0000:00: root bus resource [mem 0x000a0000-0x000bffff window]
[    0.596653] pci_bus 0000:00: root bus resource [mem 0x80000000-0xfdffffff window]
[    0.599118] pci_bus 0000:00: root bus resource [bus 00-ff]
[    0.603669] pci 0000:00:01.1: legacy IDE quirk: reg 0x10: [io  0x01f0-0x01f7]
[    0.605959] pci 0000:00:01.1: legacy IDE quirk: reg 0x14: [io  0x03f6]
[    0.609215] pci 0000:00:01.1: legacy IDE quirk: reg 0x18: [io  0x0170-0x0177]
[    0.622997] pci 0000:00:01.1: legacy IDE quirk: reg 0x1c: [io  0x0376]
[    0.647339] pci 0000:00:07.0: quirk: [io  0x4000-0x403f] claimed by PIIX4 ACPI
[    0.653963] pci 0000:00:07.0: quirk: [io  0x4100-0x410f] claimed by PIIX4 SMB
[    0.663924] ACPI: PCI Interrupt Link [LNKA] (IRQs 5 9 10 *11)
[    0.666804] ACPI: PCI Interrupt Link [LNKB] (IRQs 5 9 *10 11)
[    0.669131] ACPI: PCI Interrupt Link [LNKC] (IRQs 5 *9 10 11)
[    0.671454] ACPI: PCI Interrupt Link [LNKD] (IRQs 5 9 10 *11)
[    0.674700] ACPI: Enabled 2 GPEs in block 00 to 07
[    0.676612] vgaarb: setting as boot device: PCI:0000:00:02.0
[    0.678312] vgaarb: device added: PCI:0000:00:02.0,decodes=io+mem,owns=io+mem,locks=none
[    0.681238] vgaarb: loaded
[    0.682153] vgaarb: bridge control possible 0000:00:02.0
[    0.684185] SCSI subsystem initialized
[    0.685598] ACPI: bus type USB registered
[    0.686881] usbcore: registered new interface driver usbfs
[    0.689039] usbcore: registered new interface driver hub
[    0.690824] usbcore: registered new device driver usb
[    0.692936] PCI: Using ACPI for IRQ routing
[    0.694604] NetLabel: Initializing
[    0.695993] NetLabel:  domain hash size = 128
[    0.697406] NetLabel:  protocols = UNLABELED CIPSOv4
[    0.698942] NetLabel:  unlabeled traffic allowed by default
[    0.700747] amd_nb: Cannot enumerate AMD northbridges
[    0.702334] clocksource: Switched to clocksource kvm-clock
[    0.715443] AppArmor: AppArmor Filesystem Enabled
[    0.717198] pnp: PnP ACPI init
[    0.719875] pnp: PnP ACPI: found 3 devices
[    0.734252] clocksource: acpi_pm: mask: 0xffffff max_cycles: 0xffffff, max_idle_ns: 2085701024 ns
[    0.738106] NET: Registered protocol family 2
[    0.741501] TCP established hash table entries: 16384 (order: 5, 131072 bytes)
[    0.745631] TCP bind hash table entries: 16384 (order: 6, 262144 bytes)
[    0.750797] TCP: Hash tables configured (established 16384 bind 16384)
[    0.755174] UDP hash table entries: 1024 (order: 3, 32768 bytes)
[    0.758573] UDP-Lite hash table entries: 1024 (order: 3, 32768 bytes)
[    0.763262] NET: Registered protocol family 1
[    0.766183] pci 0000:00:00.0: Limiting direct PCI/PCI transfers
[    0.770739] pci 0000:00:01.0: Activating ISA DMA hang workarounds
[    0.777985] Unpacking initramfs...
[    1.005719] Freeing initrd memory: 14892K
[    1.007182] clocksource: tsc: mask: 0xffffffffffffffff max_cycles: 0x2135f7c97c8, max_idle_ns: 440795273205 ns
[    1.009679] platform rtc_cmos: registered platform RTC device (no PNP device found)
[    1.013837] Scanning for low memory corruption every 60 seconds
[    1.016621] audit: initializing netlink subsys (disabled)
[    1.022003] audit: type=2000 audit(1616123754.713:1): initialized
[    1.024219] Initialise system trusted keyring
[    1.025785] HugeTLB registered 2 MB page size, pre-allocated 0 pages
[    1.033511] zbud: loaded
[    1.036049] VFS: Disk quotas dquot_6.6.0
[    1.038010] VFS: Dquot-cache hash table entries: 512 (order 0, 4096 bytes)
[    1.040722] squashfs: version 4.0 (2009/01/31) Phillip Lougher
[    1.043033] fuse init (API version 7.23)
[    1.044385] Key type big_key registered
[    1.045670] Allocating IMA MOK and blacklist keyrings.
[    1.048106] Key type asymmetric registered
[    1.049514] Asymmetric key parser 'x509' registered
[    1.051310] Block layer SCSI generic (bsg) driver version 0.4 loaded (major 249)
[    1.054030] io scheduler noop registered
[    1.055428] io scheduler deadline registered (default)
[    1.057010] io scheduler cfq registered
[    1.058156] pci_hotplug: PCI Hot Plug PCI Core version: 0.5
[    1.060024] pciehp: PCI Express Hot Plug Controller Driver version: 0.4
[    1.062390] ACPI: AC Adapter [AC] (on-line)
[    1.063914] input: Power Button as /devices/LNXSYSTM:00/LNXPWRBN:00/input/input0
[    1.066461] ACPI: Power Button [PWRF]
[    1.067827] input: Sleep Button as /devices/LNXSYSTM:00/LNXSLPBN:00/input/input1
[    1.069915] ACPI: Sleep Button [SLPF]
[    1.071958] GHES: HEST is not enabled!
[    1.075386] ACPI: Battery Slot [BAT0] (battery present)
[    1.078453] Serial: 8250/16550 driver, 32 ports, IRQ sharing enabled
[    1.099391] 00:02: ttyS0 at I/O 0x3f8 (irq = 4, base_baud = 115200) is a 16550A
[    1.104274] Linux agpgart interface v0.103
[    1.108807] loop: module loaded
[    1.110662] scsi host0: ata_piix
[    1.111839] scsi host1: ata_piix
[    1.112927] ata1: PATA max UDMA/33 cmd 0x1f0 ctl 0x3f6 bmdma 0xd000 irq 14
[    1.115004] ata2: PATA max UDMA/33 cmd 0x170 ctl 0x376 bmdma 0xd008 irq 15
[    1.117231] libphy: Fixed MDIO Bus: probed
[    1.119060] tun: Universal TUN/TAP device driver, 1.6
[    1.121220] tun: (C) 1999-2004 Max Krasnyansky <maxk@qualcomm.com>
[    1.124021] PPP generic driver version 2.4.2
[    1.125511] ehci_hcd: USB 2.0 'Enhanced' Host Controller (EHCI) Driver
[    1.127694] ehci-pci: EHCI PCI platform driver
[    1.129146] ehci-platform: EHCI generic platform driver
[    1.131309] ohci_hcd: USB 1.1 'Open' Host Controller (OHCI) Driver
[    1.133242] ohci-pci: OHCI PCI platform driver
[    1.134311] ohci-platform: OHCI generic platform driver
[    1.135942] uhci_hcd: USB Universal Host Controller Interface driver
[    1.137897] i8042: PNP: PS/2 Controller [PNP0303:PS2K,PNP0f03:PS2M] at 0x60,0x64 irq 1,12
[    1.140727] serio: i8042 KBD port at 0x60,0x64 irq 1
[    1.142282] serio: i8042 AUX port at 0x60,0x64 irq 12
[    1.144166] mousedev: PS/2 mouse device common for all mice
[    1.146024] input: AT Translated Set 2 keyboard as /devices/platform/i8042/serio0/input/input2
[    1.149099] rtc_cmos rtc_cmos: rtc core: registered rtc_cmos as rtc0
[    1.151503] rtc_cmos rtc_cmos: alarms up to one day, 114 bytes nvram
[    1.153508] i2c /dev entries driver
[    1.154547] device-mapper: uevent: version 1.0.3
[    1.156294] device-mapper: ioctl: 4.34.0-ioctl (2015-10-28) initialised: dm-devel@redhat.com
[    1.159228] ledtrig-cpu: registered to indicate activity on CPUs
[    1.162546] NET: Registered protocol family 10
[    1.164976] NET: Registered protocol family 17
[    1.166609] Key type dns_resolver registered
[    1.168628] registered taskstats version 1
[    1.170071] Loading compiled-in X.509 certificates
[    1.172486] Loaded X.509 cert 'Build time autogenerated kernel key: c0f1dd89d7e09a1955be4fde7c6f946674683c10'
[    1.176200] zswap: loaded using pool lzo/zbud
[    1.178946] Key type trusted registered
[    1.182916] Key type encrypted registered
[    1.184169] AppArmor: AppArmor sha1 policy hashing enabled
[    1.185463] ima: No TPM chip found, activating TPM-bypass!
[    1.187199] ima: Allocated hash algorithm: sha1
[    1.188647] evm: HMAC attrs: 0x1
[    1.190978]   Magic number: 13:443:260
[    1.192406] rtc_cmos rtc_cmos: setting system clock to 2021-03-19 03:15:50 UTC (1616123750)
[    1.195432] BIOS EDD facility v0.16 2004-Jun-25, 0 devices found
[    1.196958] EDD information not available.
[    1.294799] Freeing unused kernel memory: 1496K
[    1.296314] Write protecting the kernel read-only data: 14336k
[    1.298236] Freeing unused kernel memory: 1588K
[    1.299446] Freeing unused kernel memory: 52K
Loading, please wait...
starting version 229
[    1.312552] random: systemd-udevd: uninitialized urandom read (16 bytes read, 3 bits of entropy available)
[    1.312601] random: udevadm: uninitialized urandom read (16 bytes read, 3 bits of entropy available)
[    1.312626] random: udevadm: uninitialized urandom read (16 bytes read, 3 bits of entropy available)
[    1.322850] random: udevadm: uninitialized urandom read (16 bytes read, 3 bits of entropy available)
[    1.322909] random: udevadm: uninitialized urandom read (16 bytes read, 3 bits of entropy available)
[    1.323086] random: udevadm: uninitialized urandom read (16 bytes read, 3 bits of entropy available)
[    1.323156] random: udevadm: uninitialized urandom read (16 bytes read, 3 bits of entropy available)
[    1.323228] random: udevadm: uninitialized urandom read (16 bytes read, 3 bits of entropy available)
[    1.323298] random: udevadm: uninitialized urandom read (16 bytes read, 3 bits of entropy available)
[    1.323365] random: udevadm: uninitialized urandom read (16 bytes read, 3 bits of entropy available)
[    1.386905] e1000: Intel(R) PRO/1000 Network Driver - version 7.3.21-k8-NAPI
[    1.389102] e1000: Copyright (c) 1999-2006 Intel Corporation.
[    1.391265] Fusion MPT base driver 3.04.20
[    1.392431] Copyright (c) 1999-2008 LSI Corporation
[    1.420477] AVX2 version of gcm_enc/dec engaged.
[    1.421619] AES CTR mode by8 optimization enabled
[    1.426875] Fusion MPT SPI Host driver 3.04.20
[    1.607867] input: ImExPS/2 Generic Explorer Mouse as /devices/platform/i8042/serio1/input/input4
[    1.792590] e1000 0000:00:03.0 eth0: (PCI:33MHz:32-bit) 02:6e:7f:8d:d8:76
[    1.794665] e1000 0000:00:03.0 eth0: Intel(R) PRO/1000 Network Connection
[    1.798312] e1000 0000:00:03.0 enp0s3: renamed from eth0
[    1.800738] mptbase: ioc0: Initiating bringup
[    1.869656] ioc0: LSI53C1030 A0: Capabilities={Initiator}
[    2.049417] scsi host2: ioc0: LSI53C1030 A0, FwRev=00000000h, Ports=1, MaxQ=256, IRQ=20
[    2.163409] scsi 2:0:0:0: Direct-Access     VBOX     HARDDISK         1.0  PQ: 0 ANSI: 5
[    2.166097] scsi target2:0:0: Beginning Domain Validation
[    2.170785] scsi target2:0:0: Domain Validation skipping write tests
[    2.172861] scsi target2:0:0: Ending Domain Validation
[    2.174455] scsi target2:0:0: asynchronous
[    2.176478] scsi 2:0:1:0: Direct-Access     VBOX     HARDDISK         1.0  PQ: 0 ANSI: 5
[    2.179060] scsi target2:0:1: Beginning Domain Validation
[    2.183379] scsi target2:0:1: Domain Validation skipping write tests
[    2.193738] scsi target2:0:1: Ending Domain Validation
[    2.195599] scsi target2:0:1: asynchronous
[    2.203982] sd 2:0:0:0: Attached scsi generic sg0 type 0
[    2.205811] sd 2:0:0:0: [sda] 83886080 512-byte logical blocks: (42.9 GB/40.0 GiB)
[    2.208950] sd 2:0:1:0: [sdb] 20480 512-byte logical blocks: (10.5 MB/10.0 MiB)
[    2.210510] sd 2:0:0:0: [sda] Write Protect is off
[    2.210715] sd 2:0:0:0: [sda] Incomplete mode parameter data
[    2.210716] sd 2:0:0:0: [sda] Assuming drive cache: write through
[    2.217202] sd 2:0:1:0: Attached scsi generic sg1 type 0
[    2.219343] sd 2:0:1:0: [sdb] Write Protect is off
[    2.220991]  sda: sda1
[    2.222089] sd 2:0:1:0: [sdb] Incomplete mode parameter data
[    2.224599] sd 2:0:1:0: [sdb] Assuming drive cache: write through
[    2.227190] sd 2:0:0:0: [sda] Attached SCSI disk
[    2.228666] sd 2:0:1:0: [sdb] Attached SCSI disk
Begin: Loading essential drivers ... [    3.582575] md: linear personality registered for level -1
[    3.587111] md: multipath personality registered for level -4
[    3.593003] md: raid0 personality registered for level 0
[    3.597522] md: raid1 personality registered for level 1
[    3.670565] raid6: sse2x1   gen() 11578 MB/s
[    3.738642] raid6: sse2x1   xor()  8736 MB/s
[    3.806869] raid6: sse2x2   gen() 14497 MB/s
[    3.874432] raid6: sse2x2   xor()  9361 MB/s
[    3.942430] raid6: sse2x4   gen() 14500 MB/s
[    4.010580] raid6: sse2x4   xor() 10750 MB/s
[    4.078407] raid6: avx2x1   gen() 16985 MB/s
[    4.146882] raid6: avx2x2   gen() 12400 MB/s
[    4.214864] raid6: avx2x4   gen() 27015 MB/s
[    4.216219] raid6: using algorithm avx2x4 gen() 27015 MB/s
[    4.218544] raid6: using avx2x2 recovery algorithm
[    4.221366] xor: automatically using best checksumming function:
[    4.262431]    avx       : 24288.000 MB/sec
[    4.264744] async_tx: api initialized (async)
[    4.275320] md: raid6 personality registered for level 6
[    4.277747] md: raid5 personality registered for level 5
[    4.279730] md: raid4 personality registered for level 4
[    4.288653] md: raid10 personality registered for level 10
done.
Begin: Running /scripts/init-premount ... done.
Begin: Mounting root file system ... Begin: Running /scripts/local-top ... done.
Begin: Running /scripts/local-premount ... [    4.323286] Btrfs loaded
Scanning for Btrfs filesystems
done.
Warning: fsck not present, so skipping root file system
[    4.363047] EXT4-fs (sda1): mounted filesystem with ordered data mode. Opts: (null)
done.
Begin: Running /scripts/local-bottom ... done.
Begin: Running /scripts/init-bottom ... done.
[    4.743882] systemd[1]: systemd 229 running in system mode. (+PAM +AUDIT +SELINUX +IMA +APPARMOR +SMACK +SYSVINIT +UTMP +LIBCRYPTSETUP +GCRYPT +GNUTLS +ACL +XZ -LZ4 +SECCOMP +BLKID +ELFUTILS +KMOD -IDN)
[    4.750226] systemd[1]: Detected virtualization oracle.
[    4.751888] systemd[1]: Detected architecture x86-64.

Welcome to [1mUbuntu 16.04.7 LTS[0m!

[    4.770160] systemd[1]: Set hostname to <ubuntu>.
[    4.786045] systemd[1]: Initializing machine ID from random generator.
[    4.789045] systemd[1]: Installed transient /etc/machine-id file.
[    5.539411] random: nonblocking pool is initialized
[    5.715784] systemd[1]: Created slice System Slice.
[[0;32m  OK  [0m] Created slice System Slice.
[    5.720550] systemd[1]: Reached target User and Group Name Lookups.
[[0;32m  OK  [0m] Reached target User and Group Name Lookups.
[    5.723930] systemd[1]: Reached target Swap.
[[0;32m  OK  [0m] Reached target Swap.
[    5.726891] systemd[1]: Listening on Journal Audit Socket.
[[0;32m  OK  [0m] Listening on Journal Audit Socket.
[    5.730823] systemd[1]: Listening on LVM2 poll daemon socket.
[[0;32m  OK  [0m] Listening on LVM2 poll daemon socket.
[    5.734829] systemd[1]: Listening on udev Control Socket.
[[0;32m  OK  [0m] Listening on udev Control Socket.
[    5.737810] systemd[1]: Listening on Device-mapper event daemon FIFOs.
[[0;32m  OK  [0m] Listening on Device-mapper event daemon FIFOs.
[    5.758184] systemd[1]: Started Forward Password Requests to Wall Directory Watch.
[[0;32m  OK  [0m] Started Forward Password Requests to Wall Directory Watch.
[    5.776022] systemd[1]: Reached target System Time Synchronized.
[[0;32m  OK  [0m] Reached target System Time Synchronized.
[    5.780020] systemd[1]: Listening on Journal Socket.
[[0;32m  OK  [0m] Listening on Journal Socket.
[    5.794757] systemd[1]: Starting Set console keymap...
         Starting Set console keymap...
[    5.800330] systemd[1]: Starting Nameserver information manager...
         Starting Nameserver information manager...
[    5.811599] systemd[1]: Starting Load Kernel Modules...
         Starting Load Kernel Modules...
[    5.854561] Loading iSCSI transport class v2.0-870.
[    5.861088] systemd[1]: Mounting Debug File System...
         Mounting Debug File System...
[    5.871953] systemd[1]: Starting Remount Root and Kernel File Systems...
         Starting Remount Root and Kernel File Systems...
[    5.877544] systemd[1]: Listening on udev Kernel Socket.
[    5.881164] EXT4-fs (sda1): re-mounted. Opts: (null)
[[0;32m  OK  [0m] Listening on udev Kernel Socket.
[    5.886700] iscsi: registered transport (tcp)
[    5.891696] systemd[1]: Set up automount Arbitrary Executable File Formats File System Automount Point.
[[0;32m  OK  [0m] Set up automount Arbitrary Executab...ats File System Automount Point.
[    5.914643] systemd[1]: Starting Create list of required static device nodes for the current kernel...
         Starting Create list of required st... nodes for the current kernel...
[    5.926816] systemd[1]: Started Trigger resolvconf update for networkd DNS.
[[0;32m  OK  [0m] Started Trigger resolvconf update for networkd DNS.
[    5.934765] systemd[1]: Created slice User and Session Slice.
[[0;32m  OK  [0m] Created slice User and Session Slice.
[    5.946938] systemd[1]: Listening on /dev/initctl Compatibility Named Pipe.
[[0;32m  OK  [0m] Listening on /dev/initctl Compatibility Named Pipe.
[    5.950952] systemd[1]: Reached target Slices.
[[0;32m  OK  [0m] Reached target Slices.

    5.952916] iscsi: registered transport (iser)
[    5.953229] systemd[1]: Created slice system-serial\x2dgetty.slice.
[[0;32m  OK  [0m] Created slice system-serial\x2dgetty.slice.
[    5.971058] systemd[1]: Mounting POSIX Message Queue File System...
         Mounting POSIX Message Queue File System...
[    5.982779] systemd[1]: Listening on Syslog Socket.
[[0;32m  OK  [0m] Listening on Syslog Socket.
[    5.986567] systemd[1]: Listening on Journal Socket (/dev/log).
[[0;32m  OK  [0m] Listening on Journal Socket (/dev/log).
[    5.990064] systemd[1]: Starting Journal Service...
         Starting Journal Service...
[    5.995158] systemd[1]: Starting Uncomplicated firewall...
         Starting Uncomplicated firewall...
[    6.002904] systemd[1]: Listening on LVM2 metadata daemon socket.
[[0;32m  OK  [0m] Listening on LVM2 metadata daemon socket.
[    6.011698] systemd[1]: Starting Monitoring of LVM2 mirrors, snapshots etc. using dmeventd or progress polling...
         Starting Monitoring of LVM2 mirrors... dmeventd or progress polling...
[    6.023583] systemd[1]: Mounting Huge Pages File System...
         Mounting Huge Pages File System...
[    6.029652] systemd[1]: Reached target Encrypted Volumes.
[[0;32m  OK  [0m] Reached target Encrypted Volumes.
[    6.034737] systemd[1]: Mounted Debug File System.
[[0;32m  OK  [0m] Mounted Debug File System.
[    6.039535] systemd[1]: Mounted POSIX Message Queue File System.
[[0;32m  OK  [0m] Mounted POSIX Message Queue File System.
[    6.043809] systemd[1]: Mounted Huge Pages File System.
[[0;32m  OK  [0m] Mounted Huge Pages File System.
[    6.051613] systemd[1]: Started Set console keymap.
[[0;32m  OK  [0m] Started Set console keymap.
[    6.058403] systemd[1]: Started Load Kernel Modules.
[[0;32m  OK  [0m] Started Load Kernel Modules.
[    6.062772] systemd[1]: Started Remount Root and Kernel File Systems.
[[0;32m  OK  [0m] Started Remount Root and Kernel File Systems.
[    6.069314] systemd[1]: Started Create list of required static device nodes for the current kernel.
[[0;32m  OK  [0m] Started Create list of required sta...ce nodes for the current kernel.
[    6.076785] systemd[1]: Started Uncomplicated firewall.
[[0;32m  OK  [0m] Started Uncomplicated firewall.
[    6.095254] systemd[1]: Started Nameserver information manager.
[[0;32m  OK  [0m] Started Nameserver information manager.
[    6.102770] systemd[1]: Started Journal Service.
[[0;32m  OK  [0m] Started Journal Service.
[[0;32m  OK  [0m] Started LVM2 metadata daemon.
         Starting Create Static Device Nodes in /dev...
         Starting Flush Journal to Persistent Storage...
         Starting udev Coldplug all Devices...
         Starting Load/Save Random Seed...
         Mounting FUSE Control File System...
         Starting Apply Kernel Variables...
[[0;32m  OK  [0m] Mounted FUSE Control File System.
[    6.156013] systemd-journald[404]: Received request to flush runtime journal from PID 1
[[0;32m  OK  [0m] Started Flush Journal to Persistent Storage.
[[0;32m  OK  [0m] Started Load/Save Random Seed.
[[0;32m  OK  [0m] Started udev Coldplug all Devices.
[[0;32m  OK  [0m] Started Apply Kernel Variables.
[[0;32m  OK  [0m] Started Create Static Device Nodes in /dev.
         Starting udev Kernel Device Manager...
[[0;32m  OK  [0m] Started udev Kernel Device Manager.
[[0;32m  OK  [0m] Started Dispatch Password Requests to Console Directory Watch.
[[0;32m  OK  [0m] Found device /dev/ttyS0.
[[0;32m  OK  [0m] Listening on Load/Save RF Kill Switch Status /dev/rfkill Watch.
[[0;32m  OK  [0m] Started Monitoring of LVM2 mirrors,...ng dmeventd or progress polling.
[[0;32m  OK  [0m] Reached target Local File Systems (Pre).
[[0;32m  OK  [0m] Reached target Local File Systems.
         Starting Initial cloud-init job (pre-networking)...
         Starting Commit a transient machine-id on disk...
         Starting LSB: AppArmor initialization...
         Starting Set console font and keymap...
         Starting Create Volatile Files and Directories...
         Starting Tell Plymouth To Write Out Runtime Data...
[[0;32m  OK  [0m] Started Commit a transient machine-id on disk.
[[0;32m  OK  [0m] Started Create Volatile Files and Directories.
         Starting Update UTMP about System Boot/Shutdown...
[[0;32m  OK  [0m] Started Tell Plymouth To Write Out Runtime Data.
[[0;32m  OK  [0m] Started Update UTMP about System Boot/Shutdown.
[[0;32m  OK  [0m] Started LSB: AppArmor initialization.
         Starting Load AppArmor profiles managed internally by snapd...
[[0;32m  OK  [0m] Started Set console font and keymap.
[[0;32m  OK  [0m] Created slice system-getty.slice.
[[0;32m  OK  [0m] Started Load AppArmor profiles managed internally by snapd.
[    8.585428] cloud-init[586]: Cloud-init v. 20.4.1-0ubuntu1~16.04.1 running 'init-local' at Fri, 19 Mar 2021 03:15:57 +0000. Up 8.27 seconds.
[[0;32m  OK  [0m] Started Initial cloud-init job (pre-networking).
[[0;32m  OK  [0m] Reached target Network (Pre).
         Starting Raise network interfaces...
[[0;32m  OK  [0m] Started Raise network interfaces.
[[0;32m  OK  [0m] Reached target Network.
         Starting Initial cloud-init job (metadata service crawler)...
[    9.672040] cloud-init[944]: Cloud-init v. 20.4.1-0ubuntu1~16.04.1 running 'init' at Fri, 19 Mar 2021 03:15:58 +0000. Up 9.13 seconds.
[    9.684381] cloud-init[944]: ci-info: ++++++++++++++++++++++++++++++++++++++Net device info++++++++++++++++++++++++++++++++++++++
[    9.686838] cloud-init[944]: ci-info: +--------+------+----------------------------+---------------+--------+-------------------+
[    9.696472] cloud-init[944]: ci-info: | Device |  Up  |          Address           |      Mask     | Scope  |     Hw-Address    |
[    9.699869] cloud-init[944]: ci-info: +--------+------+----------------------------+---------------+--------+-------------------+
[    9.703498] cloud-init[944]: ci-info: | enp0s3 | True |         10.0.2.15          | 255.255.255.0 | global | 02:6e:7f:8d:d8:76 |
[    9.706247] cloud-init[944]: ci-info: | enp0s3 | True | fe80::6e:7fff:fe8d:d876/64 |       .       |  link  | 02:6e:7f:8d:d8:76 |
[    9.709582] cloud-init[944]: ci-info: |   lo   | True |         127.0.0.1          |   255.0.0.0   |  host  |         .         |
[    9.712386] cloud-init[944]: ci-info: |   lo   | True |          ::1/128           |       .       |  host  |         .         |
[    9.715269] cloud-init[944]: ci-info: +--------+------+----------------------------+---------------+--------+-------------------+
[    9.717978] cloud-init[944]: ci-info: +++++++++++++++++++++++++++Route IPv4 info++++++++++++++++++++++++++++
[    9.720844] cloud-init[944]: ci-info: +-------+-------------+----------+---------------+-----------+-------+
[    9.722967] cloud-init[944]: ci-info: | Route | Destination | Gateway  |    Genmask    | Interface | Flags |
[    9.725030] cloud-init[944]: ci-info: +-------+-------------+----------+---------------+-----------+-------+
[    9.728474] cloud-init[944]: ci-info: |   0   |   0.0.0.0   | 10.0.2.2 |    0.0.0.0    |   enp0s3  |   UG  |
[    9.730392] cloud-init[944]: ci-info: |   1   |   10.0.2.0  | 0.0.0.0  | 255.255.255.0 |   enp0s3  |   U   |
[    9.733163] cloud-init[944]: ci-info: +-------+-------------+----------+---------------+-----------+-------+
[    9.736368] [[0;32m  OK  [0m] Started Initial cloud-init job (metadata service crawler).
[[0;32m  OK  [0m] Reached target System Initialization.
[[0;32m  OK  [0m] Started Daily apt download activities.
[[0;32m  OK  [0m] Started Message of the Day.
[[0;32m  OK  [0m] Listening on D-Bus System Message Bus Socket.
cloud-init[944]: ci-info: +++++++++++++++++++Route IPv6 info+++++++++++++++++++
[    9.741963] [[0;32m  OK  [0m] Started ACPI Events Check.
[[0;32m  OK  [0m] Reached target Paths.
[[0;32m  OK  [0m] Listening on UUID daemon activation socket.
[[0;32m  OK  [0m] Listening on ACPID Listen Socket.
cloud-init[944]: ci-info: +-------+-------------+---------+-----------+-------+
[    9.747739] cloud-init[944]: ci-info: | Route | Destination | Gateway | Interface | Flags |
         Starting LXD - unix socket.
[    9.750352]          Starting Socket activation for snappy daemon.
[[0;32m  OK  [0m] Started Daily apt upgrade and clean activities.
[[0;32m  OK  [0m] Started Daily Cleanup of Temporary Directories.
[[0;32m  OK  [0m] Reached target Timers.
[[0;32m  OK  [0m] Reached target Cloud-config availability.
[[0;32m  OK  [0m] Reached target Network is Online.
cloud-init[944]: ci-info: +-------+-------------+---------+-----------+-------+
[    9.768844] cloud-init[944]: ci-info: |   0   |  fe80::/64  |    ::   |   enp0s3  |   U   |
[    9.776510] cloud-init[944]: ci-info: |   3   |   ff00::/8  |    ::   |   enp0s3  |   U   |
[    9.776885] cloud-init[944]: ci-info: +-------+-------------+---------+-----------+-------+
[    9.778157] cloud-init[944]: Generating public/private rsa key pair.
[    9.779138] cloud-init[944]: Your identification has been saved in /etc/ssh/ssh_host_rsa_key.
[    9.779906] cloud-init[944]: Your public key has been saved in /etc/ssh/ssh_host_rsa_key.pub.
[    9.780919] cloud-init[944]: The key fingerprint is:
[    9.781607] cloud-init[944]: SHA256:m/26MAQ3pYqi35nehnn44cnKD2NSiDKxTccCylHgsAg root@ubuntu-xenial
[    9.782330] cloud-init[944]: The key's randomart image is:
[    9.782987] cloud-init[944]: +---[RSA 2048]----+
[    9.783719] cloud-init[944]: |Eoo.      .      |
[    9.784128] cloud-init[944]: |Bo..     o       |
[    9.785548] cloud-init[944]: |=oo o . +        |
         Starting iSCSI initiator daemon (iscsid)...
[    9.786246] cloud-init[944]: | * + . + .       |
[    9.793817] cloud-init[944]: |= + o . S        |
[    9.794054] cloud-init[944]: |.o o   . +       |
[    9.794738] cloud-init[944]: |. . ++. = .      |
[    9.795393] cloud-init[944]: | . =+Ooo o .     |
[    9.796302] cloud-init[944]: |  ..B*B   oo.    |
[    9.797189] cloud-init[944]: +----[SHA256]-----+
[    9.797841] cloud-init[944]: Generating public/private dsa key pair.
[    9.798721] cloud-init[944]: Your identification has been saved in /etc/ssh/ssh_host_dsa_key.
[    9.799603] cloud-init[944]: Your public key has been saved in /etc/ssh/ssh_host_dsa_key.pub.
[    9.800983] cloud-init[944]: The key fingerprint is:
[    9.801955] cloud-init[944]: SHA256:oFDNnkN5Xi4VAVVt2voEib1aDFqKXS5QdzbHoyKLTHM root@ubuntu-xenial
[    9.803230] cloud-init[944]: The key's randomart image is:
[    9.804319] cloud-init[944]: +---[DSA 1024]----+
[    9.805198] cloud-init[944]: |    .o ..o++.o   |
[    9.806086] cloud-init[944]: |   .  = o + + *  |
[    9.806783] cloud-init[944]: |  .  o.= = = O . |
[    9.807091] cloud-init[944]: |   . .B.E B * .  |
[    9.807763] cloud-init[944]: |    .o OSX + +   |
[    9.807891] cloud-init[944]: |      + * . = .  |
[    9.809525] cloud-init[944]: |         . o o   |
[    9.810473] cloud-init[944]: |          .   .  |
[    9.811144] cloud-init[944]: |                 |
[    9.811818] cloud-init[944]: +----[SHA256]-----+
[    9.812816] cloud-init[944]: Generating public/private ecdsa key pair.
[    9.813476] cloud-init[944]: Your identification has been saved in /etc/ssh/ssh_host_ecdsa_key.
[    9.814138] cloud-init[944]: Your public key has been saved in /etc/ssh/ssh_host_ecdsa_key.pub.
[    9.814804] cloud-init[944]: The key fingerprint is:
[    9.815464] cloud-init[944]: SHA256:jwPjpQDevHmNVmSPRVyCTz8zMknxem7orlfSN8gdKFA root@ubuntu-xenial
[    9.817173] cloud-init[944]: The key's randomart image is:
[    9.818106] cloud-init[944]: +---[ECDSA 256]---+
[    9.818768] cloud-init[944]: |         +Eo.    |
[[0;32m  OK  [0m] Listening on LXD - unix socket.
[    9.819598] cloud-init[944]: |        o.+o     |
[    9.833773] cloud-init[944]: |  .     o=.o..   |
[    9.835202] cloud-init[944]: | . +   o +*.* .  |
[    9.836469] cloud-init[944]: |  . + o S o*.* . |
[    9.837100] cloud-init[944]: |     = O o.+= +  |
[    9.838232] cloud-init[944]: |    o * + ooo. . |
[    9.839247] cloud-init[944]: |     o   o..     |
[    9.839748] cloud-init[944]: |        .+o      |
[[0;32m  OK  [0m] Listening on Socket activation for snappy daemon.
[    9.841059] cloud-init[944]: +----[SHA256]-----+
[    9.843625] cloud-init[944]: Generating public/private ed25519 key pair.
[    9.845564] cloud-init[944]: Your identification has been saved in /etc/ssh/ssh_host_ed25519_key.
[    9.847250] cloud-init[944]: Your public key has been saved in /etc/ssh/ssh_host_ed25519_key.pub.
[    9.848881] cloud-init[944]: The key fingerprint is:
[    9.850262] cloud-init[944]: SHA256:GMbLDWqFWytlZuXJZzNP7AaE3nDFvGYfHxfRLRPXRMc root@ubuntu-xenial
[    9.851682] cloud-init[944]: The key's randomart image is:
[    9.852818] cloud-init[944]: +--[ED25519 256]--+
[    9.860376] cloud-init[944]: |        ...+. .*X|
[    9.864923] cloud-init[944]: |     o +oo..o ooE|
[    9.865096] cloud-init[944]: |    . %.++* o. o.|
[    9.866246] cloud-init[944]: |     % B.o.B+ ...|
[    9.867222] cloud-init[944]: |    = = S  o+. oo|
[    9.867887] cloud-init[944]: |   . .     .  . .|
[    9.868566] cloud-init[944]: |                 |
[    9.869231] cloud-init[944]: |                 |
[    9.870087] cloud-init[944]: |                 |
[    9.870885] cloud-init[944]: +----[SHA256]-----+
[[0;32m  OK  [0m] Reached target Sockets.
[[0;32m  OK  [0m] Reached target Basic System.
         Starting Pollinate to seed the pseudo random number generator...
[[0;32m  OK  [0m] Started Deferred execution scheduler.
         Starting System Logging Service...
[[0;32m  OK  [0m] Started ACPI event daemon.
         Starting Virtualbox guest utils...
         Starting Snap Daemon...
         Starting /etc/rc.local Compatibility...
         Starting Accounts Service...
[[0;32m  OK  [0m] Started Regular background program processing daemon.
[[0;32m  OK  [0m] Started D-Bus System Message Bus.
         Starting LSB: Record successful boot for GRUB...
         Starting Login Service...
[[0;32m  OK  [0m] Started FUSE filesystem for LXC.
         Starting LSB: MD monitoring daemon...
         Starting LXD - container startup/shutdown...
[[0;32m  OK  [0m] Started System Logging Service.
[[0;32m  OK  [0m] Started iSCSI initiator daemon (iscsid).
[[0;32m  OK  [0m] Started /etc/rc.local Compatibility.
         Starting Authenticate and Authorize Users to Run Privileged Tasks...
         Starting Login to default iSCSI targets...
[[0;32m  OK  [0m] Started Login Service.
[[0;32m  OK  [0m] Started Unattended Upgrades Shutdown.
[[0;32m  OK  [0m] Started LSB: Record successful boot for GRUB.
[[0;32m  OK  [0m] Started LSB: MD monitoring daemon.
[[0;32m  OK  [0m] Started Login to default iSCSI targets.
[[0;32m  OK  [0m] Reached target Remote File Systems (Pre).
[[0;32m  OK  [0m] Reached target Remote File Systems.
         Starting LSB: Set the CPU Frequency Scaling governor to "ondemand"...
         Starting Permit User Sessions...
         Starting LSB: daemon to balance interrupts for SMP systems...
         Starting LSB: automatic crash report generation...
[[0;32m  OK  [0m] Started Authenticate and Authorize Users to Run Privileged Tasks.
[[0;32m  OK  [0m] Started Accounts Service.
[[0;32m  OK  [0m] Started LSB: Set the CPU Frequency Scaling governor to "ondemand".
[[0;32m  OK  [0m] Started Permit User Sessions.
         Starting Terminate Plymouth Boot Screen...
         Starting Hold until boot process finishes up...
[[0;32m  OK  [0m] Started Terminate Plymouth Boot Screen.
[[0;32m  OK  [0m] Started Hold until boot process finishes up.
[[0;32m  OK  [0m] Started Serial Getty on ttyS0.
         Starting Set console scheme...
[[0;32m  OK  [0m] Started Getty on tty1.
[[0;32m  OK  [0m] Reached target Login Prompts.
[[0;32m  OK  [0m] Started Virtualbox guest utils.
[[0;32m  OK  [0m] Started Set console scheme.
[[0;32m  OK  [0m] Started LSB: daemon to balance interrupts for SMP systems.
[[0;32m  OK  [0m] Started LSB: automatic crash report generation.
[[0;32m  OK  [0m] Started LXD - container startup/shutdown.
[[0;32m  OK  [0m] Started Snap Daemon.
         Starting Wait until snapd is fully seeded...
[[0;32m  OK  [0m] Started Pollinate to seed the pseudo random number generator.
         Starting OpenBSD Secure Shell server...
[[0;32m  OK  [0m] Started OpenBSD Secure Shell server.
[[0;32m  OK  [0m] Created slice User Slice of vagrant.
         Starting User Manager for UID 1000...
[[0;32m  OK  [0m] Started Session 1 of user vagrant.
[[0;32m  OK  [0m] Started User Manager for UID 1000.
[[0;32m  OK  [0m] Started Wait until snapd is fully seeded.
[[0;32m  OK  [0m] Reached target Multi-User System.
[[0;32m  OK  [0m] Reached target Graphical Interface.
         Starting Update UTMP about System Runlevel Changes...
         Starting Apply the settings specified in cloud-config...
[[0;32m  OK  [0m] Started Update UTMP about System Runlevel Changes.
[   13.464473] cloud-init[1430]: Generating locales (this might take a while)...
         Stopping User Manager for UID 1000...
[[0;32m  OK  [0m] Stopped User Manager for UID 1000.
[[0;32m  OK  [0m] Removed slice User Slice of vagrant.
[[0;32m  OK  [0m] Created slice User Slice of vagrant.
         Starting User Manager for UID 1000...
[[0;32m  OK  [0m] Started Session 2 of user vagrant.
[[0;32m  OK  [0m] Started User Manager for UID 1000.
[   14.457060] cloud-init[1430]:   en_US.UTF-8... done
[   14.461689] cloud-init[1430]: Generation complete.
[   14.941222] cloud-init[1430]: Cloud-init v. 20.4.1-0ubuntu1~16.04.1 running 'modules:config' at Fri, 19 Mar 2021 03:16:02 +0000. Up 13.34 seconds.
[[0;32m  OK  [0m] Started Apply the settings specified in cloud-config.
         Starting Execute cloud user/final scripts...
ci-info: no authorized SSH keys fingerprints found for user ubuntu.
<14>Mar 19 03:16:05 ec2: 
<14>Mar 19 03:16:05 ec2: #############################################################
<14>Mar 19 03:16:05 ec2: -----BEGIN SSH HOST KEY FINGERPRINTS-----
<14>Mar 19 03:16:05 ec2: 1024 SHA256:oFDNnkN5Xi4VAVVt2voEib1aDFqKXS5QdzbHoyKLTHM root@ubuntu-xenial (DSA)
<14>Mar 19 03:16:05 ec2: 256 SHA256:jwPjpQDevHmNVmSPRVyCTz8zMknxem7orlfSN8gdKFA root@ubuntu-xenial (ECDSA)
<14>Mar 19 03:16:05 ec2: 256 SHA256:GMbLDWqFWytlZuXJZzNP7AaE3nDFvGYfHxfRLRPXRMc root@ubuntu-xenial (ED25519)
<14>Mar 19 03:16:05 ec2: 2048 SHA256:m/26MAQ3pYqi35nehnn44cnKD2NSiDKxTccCylHgsAg root@ubuntu-xenial (RSA)
<14>Mar 19 03:16:05 ec2: -----END SSH HOST KEY FINGERPRINTS-----
<14>Mar 19 03:16:05 ec2: #############################################################
-----BEGIN SSH HOST KEY KEYS-----
ecdsa-sha2-nistp256 AAAAE2VjZHNhLXNoYTItbmlzdHAyNTYAAAAIbmlzdHAyNTYAAABBBPxp7DoN637m4TvT1mKGm9wF2bQ5f0BSdYUkuKgEy/WLxQ+w/vuFKOYwkYa5mF22FArJlKE0rty3/PpK/fmY8Z0= root@ubuntu-xenial
ssh-ed25519 AAAAC3NzaC1lZDI1NTE5AAAAINszkFpb35O5BFYJqvmBlaMhi1VZCw2Iowbv/vm4Vxxm root@ubuntu-xenial
ssh-rsa AAAAB3NzaC1yc2EAAAADAQABAAABAQCgect7Mh+3Iz/1ErOhqyaSxrVbnuTBp2mZ6k/XmNFifsBIuoR7K+lZ3mPr89kCk0zxTSOdOQ3kNCdVHa63bcisIQbCt2jbGIUVzkuyVUXgxWik/edGwZDgcDSr8BgHtKghEWBdKEJG5oGEpJYUWN7mzoy0WOy62tJh6TCrGBQlg/OwROc5FU4Vw/9UOOgAmB9yBasLyElCb0gXrzhEUjRyBrw9eMabDNnxbAOlYqufmVQNRg0DivCPRmFCispQxznOiQNkYT7NB0C4XKsyGNQFn664E2MFBJSCgYFrB7N9HIiHkBeYNyE5N9jgGkK0emwJ6YMbm7vNcQDn0BLqg/Q/ root@ubuntu-xenial
-----END SSH HOST KEY KEYS-----
[   15.596429] cloud-init[1677]: Cloud-init v. 20.4.1-0ubuntu1~16.04.1 running 'modules:final' at Fri, 19 Mar 2021 03:16:04 +0000. Up 15.33 seconds.
[   15.597704] cloud-init[1677]: ci-info: no authorized SSH keys fingerprints found for user ubuntu.
[   15.598800] cloud-init[1677]: Cloud-init v. 20.4.1-0ubuntu1~16.04.1 finished at Fri, 19 Mar 2021 03:16:05 +0000. Datasource DataSourceNoCloud [seed=/dev/sdb][dsmode=net].  Up 15.58 seconds

Ubuntu 16.04.7 LTS ubuntu-xenial ttyS0

ubuntu-xenial login: 